
2021-12-05 12:59:30,254 - werkzeug - INFO -  * Running on http://127.0.0.1:5000/ (Press CTRL+C to quit)
2021-12-05 12:59:30,255 - werkzeug - INFO -  * Restarting with stat
2021-12-05 13:01:48,592 - root - ERROR - signup_user: (psycopg2.errors.UniqueViolation) duplicate key value violates unique constraint "users_username_key"
DETAIL:  Key (username)=(21_Sandwich) already exists.

[SQL: INSERT INTO users (username, password, phone_number, first_name, last_name, account_type) VALUES (%(username)s, %(password)s, %(phone_number)s, %(first_name)s, %(last_name)s, %(account_type)s) RETURNING users.id]
[parameters: {'username': '21_Sandwich', 'password': '$2b$12$1CftUB3djsks8m4guBbq6eHPMb1mcpTYK4Uu8PRkVyv9wrl.bkda6', 'phone_number': '9045363143', 'first_name': 'Bryce', 'last_name': 'Beckenbach', 'account_type': 'sandbox'}]
(Background on this error at: https://sqlalche.me/e/14/gkpj)
2021-12-05 13:17:08,700 - werkzeug - INFO -  * Running on http://127.0.0.1:5000/ (Press CTRL+C to quit)
2021-12-05 13:17:08,701 - werkzeug - INFO -  * Restarting with stat
2021-12-05 13:17:45,371 - werkzeug - INFO -  * Restarting with stat
2021-12-05 13:17:47,242 - werkzeug - INFO -  * Restarting with stat
2021-12-05 13:17:54,855 - werkzeug - INFO -  * Restarting with stat
2021-12-05 13:18:27,920 - werkzeug - INFO -  * Restarting with stat
2021-12-05 13:19:20,883 - werkzeug - INFO -  * Restarting with stat
2021-12-05 13:19:26,232 - werkzeug - INFO -  * Restarting with stat
2021-12-05 13:19:32,733 - werkzeug - INFO -  * Restarting with stat
2021-12-05 13:19:54,264 - werkzeug - INFO -  * Restarting with stat
2021-12-05 13:19:59,565 - werkzeug - INFO -  * Restarting with stat
2021-12-06 10:01:14,267 - werkzeug - INFO -  * Running on http://127.0.0.1:5000/ (Press CTRL+C to quit)
2021-12-06 10:01:14,268 - werkzeug - INFO -  * Restarting with stat
2021-12-06 10:12:52,677 - root - ERROR - update_UFI_Accounts: (psycopg2.errors.NotNullViolation) null value in column "current" of relation "accounts" violates not-null constraint
DETAIL:  Failing row contains (13, Credit Card, 2, 2500, null, 2500, credit, credit card, o6Xgavk6B4T6vNQrY64eHL3gVwDBMXIBrojBA, t).

[SQL: UPDATE accounts SET available=%(available)s, current=%(current)s WHERE accounts.id = %(accounts_id)s]
[parameters: {'available': 2500.0, 'current': None, 'accounts_id': 13}]
(Background on this error at: https://sqlalche.me/e/14/gkpj)
2021-12-06 10:13:03,667 - root - ERROR - update_UFI_Accounts: (psycopg2.errors.NotNullViolation) null value in column "current" of relation "accounts" violates not-null constraint
DETAIL:  Failing row contains (13, Credit Card, 2, 2500, null, 2500, credit, credit card, o6Xgavk6B4T6vNQrY64eHL3gVwDBMXIBrojBA, t).

[SQL: UPDATE accounts SET available=%(available)s, current=%(current)s WHERE accounts.id = %(accounts_id)s]
[parameters: {'available': 2500.0, 'current': None, 'accounts_id': 13}]
(Background on this error at: https://sqlalche.me/e/14/gkpj)
2021-12-06 10:20:24,502 - werkzeug - INFO -  * Restarting with stat
2021-12-06 10:25:55,523 - werkzeug - INFO -  * Running on http://127.0.0.1:5000/ (Press CTRL+C to quit)
2021-12-06 10:25:55,524 - werkzeug - INFO -  * Restarting with stat
2021-12-06 11:30:04,455 - werkzeug - INFO -  * Running on http://127.0.0.1:5000/ (Press CTRL+C to quit)
2021-12-06 11:30:04,456 - werkzeug - INFO -  * Restarting with stat
2021-12-06 11:37:45,764 - werkzeug - INFO -  * Restarting with stat
